2025-11-13 00:09:49, MOVE, v:1, k:poo@pula-pula, mode:PICK
2025-11-13 00:09:50, EXEC, v:1, k:poo@pula-pula, mode:FULL, rate:0
2025-11-13 00:09:50, EXEC, v:1, k:poo@pula-pula, mode:FULL, rate:0
2025-11-13 00:09:51, MOVE, v:1, k:poo@pula-pula, mode:BACK
2025-11-13 00:13:34, MOVE, v:1, k:poo@pula-pula, mode:PICK
2025-11-13 00:13:35, EXEC, v:1, k:poo@pula-pula, mode:FULL, rate:0
2025-11-13 00:13:35, EXEC, v:1, k:poo@pula-pula, mode:FULL, rate:0
2025-11-13 00:13:36, MOVE, v:1, k:poo@pula-pula, mode:BACK
2025-11-13 00:13:38, MOVE, v:1, k:poo@pula-pula, mode:PICK
2025-11-13 00:13:39, EXEC, v:1, k:poo@pula-pula, mode:FULL, rate:0
2025-11-13 00:20:59, EXEC, v:1, k:poo@pula-pula, mode:FULL, rate:0
2025-11-13 00:21:00, MOVE, v:1, k:poo@pula-pula, mode:BACK
2025-11-13 00:21:03, MOVE, v:1, k:poo@pula-pula, mode:PICK
2025-11-13 00:28:40, EXEC, v:1, k:poo@pula-pula, mode:FULL, rate:0
2025-11-13 00:28:41, MOVE, v:1, k:poo@pula-pula, mode:BACK
2025-11-13 00:32:33, MOVE, v:1, k:poo@pula-pula, mode:PICK
2025-11-13 00:32:34, EXEC, v:1, k:poo@pula-pula, mode:FULL, rate:0
2025-11-13 00:32:35, MOVE, v:1, k:poo@pula-pula, mode:BACK
2025-11-13 00:39:06, MOVE, v:1, k:poo@pula-pula, mode:PICK
2025-11-13 00:39:07, EXEC, v:1, k:poo@pula-pula, mode:FULL, rate:0
2025-11-13 00:53:45, EXEC, v:1, k:poo@pula-pula, mode:FULL, rate:0
2025-11-13 00:53:46, MOVE, v:1, k:poo@pula-pula, mode:BACK
2025-11-13 00:53:48, MOVE, v:1, k:poo@pula-pula, mode:PICK
2025-11-13 01:08:15, MOVE, v:1, k:poo@pula-pula, mode:BACK
2025-11-13 01:08:18, MOVE, v:1, k:poo@pula-pula, mode:PICK
2025-11-13 01:08:18, EXEC, v:1, k:poo@pula-pula, mode:FULL, rate:0
2025-11-13 01:08:19, MOVE, v:1, k:poo@pula-pula, mode:BACK
2025-11-13 01:19:23, MOVE, v:1, k:poo@pula-pula, mode:PICK
2025-11-13 01:19:24, EXEC, v:1, k:poo@pula-pula, mode:FULL, rate:0
2025-11-13 01:19:25, EXEC, v:1, k:poo@pula-pula, mode:FULL, rate:0
2025-11-13 01:19:26, MOVE, v:1, k:poo@pula-pula, mode:BACK
2025-11-13 01:19:37, MOVE, v:1, k:poo@pula-pula, mode:PICK
2025-11-13 01:19:38, EXEC, v:1, k:poo@pula-pula, mode:FULL, rate:0
2025-11-13 01:29:59, EXEC, v:1, k:poo@pula-pula, mode:FULL, rate:0
2025-11-13 01:30:00, MOVE, v:1, k:poo@pula-pula, mode:BACK
2025-11-13 01:30:04, MOVE, v:1, k:poo@pula-pula, mode:PICK
2025-11-13 01:30:05, EXEC, v:1, k:poo@pula-pula, mode:FULL, rate:0
2025-11-13 01:35:01, EXEC, v:1, k:poo@pula-pula, mode:FULL, rate:0
2025-11-13 01:35:02, MOVE, v:1, k:poo@pula-pula, mode:BACK
2025-11-13 01:35:06, MOVE, v:1, k:poo@pula-pula, mode:PICK
2025-11-13 01:35:16, EXEC, v:1, k:poo@pula-pula, mode:FULL, rate:0
2025-11-13 01:40:21, EXEC, v:1, k:poo@pula-pula, mode:FULL, rate:0
2025-11-13 01:40:21, EXEC, v:1, k:poo@pula-pula, mode:FULL, rate:0
2025-11-13 01:41:49, EXEC, v:1, k:poo@pula-pula, mode:FULL, rate:0
2025-11-13 01:43:46, EXEC, v:1, k:poo@pula-pula, mode:FULL, rate:0
2025-11-13 01:44:45, EXEC, v:1, k:poo@pula-pula, mode:FULL, rate:0
2025-11-13 01:44:57, MOVE, v:1, k:poo@pula-pula, mode:BACK
2025-11-13 01:44:59, MOVE, v:1, k:poo@pula-pula, mode:PICK
2025-11-13 01:44:59, EXEC, v:1, k:poo@pula-pula, mode:FULL, rate:0
2025-11-13 01:45:00, EXEC, v:1, k:poo@pula-pula, mode:FULL, rate:0
2025-11-13 01:46:19, EXEC, v:1, k:poo@pula-pula, mode:FULL, rate:0
2025-11-13 01:46:34, EXEC, v:1, k:poo@pula-pula, mode:FULL, rate:0
2025-11-13 01:47:09, EXEC, v:1, k:poo@pula-pula, mode:FULL, rate:0
2025-11-13 01:48:55, MOVE, v:1, k:poo@pula-pula, mode:PICK
2025-11-13 01:48:56, EXEC, v:1, k:poo@pula-pula, mode:FULL, rate:0, size:96
2025-11-13 01:48:56, EXEC, v:1, k:poo@pula-pula, mode:FULL, rate:0, size:96
2025-11-13 01:50:55, EXEC, v:1, k:poo@pula-pula, mode:FULL, rate:0, size:96
2025-11-13 01:51:40, EXEC, v:1, k:poo@pula-pula, mode:FULL, rate:0, size:101
2025-11-13 01:52:20, EXEC, v:1, k:poo@pula-pula, mode:FULL, rate:0, size:105
2025-11-13 01:53:11, EXEC, v:1, k:poo@pula-pula, mode:FULL, rate:60, size:105
2025-11-13 01:54:06, EXEC, v:1, k:poo@pula-pula, mode:FULL, rate:60, size:105
2025-11-13 01:55:18, EXEC, v:1, k:poo@pula-pula, mode:FULL, rate:0, size:106
2025-11-13 01:56:15, EXEC, v:1, k:poo@pula-pula, mode:FULL, rate:0, size:98
2025-11-13 01:56:57, EXEC, v:1, k:poo@pula-pula, mode:FULL, rate:90, size:105
2025-11-13 01:58:04, EXEC, v:1, k:poo@pula-pula, mode:FULL, rate:100, size:104
2025-11-13 01:58:21, MOVE, v:1, k:poo@pula-pula, mode:BACK
2025-11-13 01:58:51, EXEC, v:1, k:poo@pula-pula, mode:FULL, rate:100
2025-11-13 01:58:54, MOVE, v:1, k:poo@pula-pula, mode:BACK
2025-11-13 02:00:07, SELF, v:1, k:poo@pula-pula, rate:100, alone:4
2025-11-13 02:01:25, SELF, v:1, k:poo@pula-pula, rate:100, iagen:2__gemini_me_orientando, guide:2_video_do_senna, alone:6, study:270
2025-11-13 20:58:23, MOVE, v:1, k:poo@pula-pula, mode:PICK
2025-11-13 20:58:24, EXEC, v:1, k:poo@pula-pula, mode:FULL, rate:100
2025-11-13 20:59:05, MOVE, v:1, k:poo@pula-pula, mode:BACK
2025-11-13 20:59:09, MOVE, v:1, k:poo@array, mode:PICK
2025-11-13 20:59:10, EXEC, v:1, k:poo@array, mode:LOCK, rate:100, size:0
2025-11-13 20:59:11, EXEC, v:1, k:poo@array, mode:LOCK, rate:100
2025-11-13 21:01:45, MOVE, v:1, k:poo@array, mode:BACK
2025-11-13 21:01:49, MOVE, v:1, k:poo@budega, mode:PICK
2025-11-13 21:01:50, EXEC, v:1, k:poo@budega, mode:FULL, rate:0, size:0
2025-11-13 21:02:17, EXEC, v:1, k:poo@budega, mode:FULL, rate:0
2025-11-13 21:06:30, EXEC, v:1, k:poo@budega, mode:FULL, rate:0
2025-11-13 21:11:05, EXEC, v:1, k:poo@budega, mode:FULL, rate:0
2025-11-13 21:11:06, MOVE, v:1, k:poo@budega, mode:BACK
2025-11-13 21:11:13, MOVE, v:1, k:poo@budega, mode:PICK
2025-11-13 21:11:14, EXEC, v:1, k:poo@budega, mode:FULL, rate:0
2025-11-13 21:16:34, MOVE, v:1, k:poo@budega, mode:BACK
2025-11-13 21:16:35, MOVE, v:1, k:poo@budega, mode:PICK
2025-11-13 21:16:36, EXEC, v:1, k:poo@budega, mode:FULL, rate:0
2025-11-13 21:16:37, EXEC, v:1, k:poo@budega, mode:FULL, rate:0
2025-11-13 21:16:38, MOVE, v:1, k:poo@budega, mode:BACK
2025-11-13 21:16:40, MOVE, v:1, k:poo@budega, mode:PICK
2025-11-13 21:16:41, EXEC, v:1, k:poo@budega, mode:FULL, rate:0
2025-11-13 21:41:02, EXEC, v:1, k:poo@budega, mode:FULL, rate:0
2025-11-13 21:41:04, MOVE, v:1, k:poo@budega, mode:BACK
2025-11-13 21:41:09, MOVE, v:1, k:poo@budega, mode:PICK
2025-11-13 21:41:11, EXEC, v:1, k:poo@budega, mode:FULL, rate:0
2025-11-13 21:52:12, EXEC, v:1, k:poo@budega, mode:FULL, rate:0
2025-11-13 21:52:13, MOVE, v:1, k:poo@budega, mode:BACK
2025-11-13 21:52:16, MOVE, v:1, k:poo@budega, mode:PICK
2025-11-13 21:52:17, EXEC, v:1, k:poo@budega, mode:FULL, rate:0
2025-11-13 21:57:39, EXEC, v:1, k:poo@budega, mode:FULL, rate:0
2025-11-13 21:57:40, MOVE, v:1, k:poo@budega, mode:BACK
2025-11-13 21:57:42, MOVE, v:1, k:poo@budega, mode:PICK
2025-11-13 21:57:43, EXEC, v:1, k:poo@budega, mode:FULL, rate:0
2025-11-13 22:04:45, EXEC, v:1, k:poo@budega, mode:FULL, rate:0
2025-11-13 22:04:46, MOVE, v:1, k:poo@budega, mode:BACK
2025-11-13 22:04:50, MOVE, v:1, k:poo@budega, mode:PICK
2025-11-13 22:04:51, EXEC, v:1, k:poo@budega, mode:FULL, rate:0
2025-11-13 22:17:03, EXEC, v:1, k:poo@budega, mode:FULL, rate:0
2025-11-13 22:17:04, MOVE, v:1, k:poo@budega, mode:BACK
2025-11-13 22:17:06, MOVE, v:1, k:poo@budega, mode:PICK
2025-11-13 22:17:07, EXEC, v:1, k:poo@budega, mode:FULL, rate:0
2025-11-13 22:23:12, EXEC, v:1, k:poo@budega, mode:FULL, rate:0
2025-11-13 22:23:13, MOVE, v:1, k:poo@budega, mode:BACK
2025-11-13 22:23:15, MOVE, v:1, k:poo@budega, mode:PICK
2025-11-13 22:23:16, EXEC, v:1, k:poo@budega, mode:FULL, rate:0
2025-11-13 22:28:42, EXEC, v:1, k:poo@budega, mode:FULL, rate:0
2025-11-13 22:28:44, MOVE, v:1, k:poo@budega, mode:BACK
2025-11-13 22:28:47, MOVE, v:1, k:poo@budega, mode:PICK
2025-11-13 22:28:48, EXEC, v:1, k:poo@budega, mode:FULL, rate:0
2025-11-13 23:07:52, MOVE, v:1, k:poo@budega, mode:PICK
2025-11-13 23:07:54, EXEC, v:1, k:poo@budega, mode:FULL, rate:0
2025-11-13 23:08:28, EXEC, v:1, k:poo@budega, mode:FULL, rate:0
2025-11-13 23:08:30, MOVE, v:1, k:poo@budega, mode:BACK
2025-11-13 23:08:33, MOVE, v:1, k:poo@budega, mode:PICK
2025-11-13 23:08:34, EXEC, v:1, k:poo@budega, mode:FULL, rate:0
2025-11-13 23:08:35, MOVE, v:1, k:poo@budega, mode:BACK
2025-11-13 23:08:36, MOVE, v:1, k:poo@budega, mode:PICK
2025-11-13 23:08:37, EXEC, v:1, k:poo@budega, mode:FULL, rate:0
2025-11-13 23:10:18, EXEC, v:1, k:poo@budega, mode:FULL, rate:0
2025-11-13 23:10:19, MOVE, v:1, k:poo@budega, mode:BACK
2025-11-13 23:10:21, MOVE, v:1, k:poo@budega, mode:PICK
2025-11-13 23:10:22, EXEC, v:1, k:poo@budega, mode:FULL, rate:0
2025-11-13 23:10:40, EXEC, v:1, k:poo@budega, mode:FULL, rate:0
2025-11-13 23:10:41, MOVE, v:1, k:poo@budega, mode:BACK
2025-11-13 23:13:47, MOVE, v:1, k:poo@budega, mode:PICK
2025-11-13 23:13:47, EXEC, v:1, k:poo@budega, mode:FULL, rate:0
2025-11-13 23:13:49, MOVE, v:1, k:poo@budega, mode:BACK
2025-11-13 23:14:09, MOVE, v:1, k:poo@budega, mode:PICK
2025-11-13 23:14:10, EXEC, v:1, k:poo@budega, mode:FULL, rate:0
2025-11-13 23:17:40, EXEC, v:1, k:poo@budega, mode:FULL, rate:0
2025-11-13 23:17:41, MOVE, v:1, k:poo@budega, mode:BACK
2025-11-13 23:19:01, MOVE, v:1, k:poo@budega, mode:PICK
2025-11-13 23:19:01, EXEC, v:1, k:poo@budega, mode:FULL, rate:0
2025-11-13 23:19:02, MOVE, v:1, k:poo@budega, mode:BACK
2025-11-13 23:24:42, MOVE, v:1, k:poo@budega, mode:PICK
2025-11-13 23:24:43, EXEC, v:1, k:poo@budega, mode:FULL, rate:0
2025-11-13 23:27:25, MOVE, v:1, k:poo@budega, mode:BACK
2025-11-13 23:27:27, MOVE, v:1, k:poo@budega, mode:PICK
2025-11-13 23:27:28, EXEC, v:1, k:poo@budega, mode:FULL, rate:0
2025-11-13 23:35:02, MOVE, v:1, k:poo@budega, mode:BACK
2025-11-13 23:35:04, MOVE, v:1, k:poo@budega, mode:PICK
2025-11-13 23:35:05, EXEC, v:1, k:poo@budega, mode:FULL, rate:0
2025-11-13 23:35:05, EXEC, v:1, k:poo@budega, mode:FULL, rate:0
2025-11-13 23:35:06, MOVE, v:1, k:poo@budega, mode:BACK
2025-11-13 23:35:08, MOVE, v:1, k:poo@budega, mode:PICK
2025-11-13 23:35:08, EXEC, v:1, k:poo@budega, mode:FULL, rate:0
2025-11-13 23:37:20, MOVE, v:1, k:poo@budega, mode:BACK
2025-11-13 23:37:21, MOVE, v:1, k:poo@budega, mode:PICK
2025-11-13 23:37:22, EXEC, v:1, k:poo@budega, mode:FULL, rate:0
2025-11-13 23:37:23, MOVE, v:1, k:poo@budega, mode:BACK
2025-11-13 23:37:25, MOVE, v:1, k:poo@budega, mode:PICK
2025-11-13 23:37:25, EXEC, v:1, k:poo@budega, mode:FULL, rate:0
2025-11-13 23:44:46, MOVE, v:1, k:poo@budega, mode:BACK
2025-11-13 23:44:48, MOVE, v:1, k:poo@budega, mode:PICK
2025-11-13 23:44:49, EXEC, v:1, k:poo@budega, mode:FULL, rate:0
2025-11-13 23:44:50, MOVE, v:1, k:poo@budega, mode:BACK
2025-11-13 23:44:55, MOVE, v:1, k:poo@budega, mode:PICK
2025-11-13 23:44:56, EXEC, v:1, k:poo@budega, mode:FULL, rate:0
2025-11-13 23:53:05, MOVE, v:1, k:poo@budega, mode:BACK
2025-11-13 23:53:05, MOVE, v:1, k:poo@budega, mode:PICK
2025-11-13 23:53:06, EXEC, v:1, k:poo@budega, mode:FULL, rate:0
2025-11-13 23:53:07, MOVE, v:1, k:poo@budega, mode:BACK
2025-11-13 23:53:08, MOVE, v:1, k:poo@budega, mode:PICK
2025-11-13 23:53:09, EXEC, v:1, k:poo@budega, mode:FULL, rate:0
2025-11-13 23:54:32, EXEC, v:1, k:poo@budega, mode:FULL, rate:0
2025-11-13 23:54:34, MOVE, v:1, k:poo@budega, mode:BACK
2025-11-13 23:54:36, MOVE, v:1, k:poo@budega, mode:PICK
2025-11-13 23:54:37, EXEC, v:1, k:poo@budega, mode:FULL, rate:0
2025-11-13 23:54:38, MOVE, v:1, k:poo@budega, mode:BACK
2025-11-13 23:54:39, MOVE, v:1, k:poo@budega, mode:PICK
2025-11-13 23:54:40, EXEC, v:1, k:poo@budega, mode:FULL, rate:0
2025-11-13 23:59:15, EXEC, v:1, k:poo@budega, mode:FULL, rate:0
2025-11-13 23:59:15, MOVE, v:1, k:poo@budega, mode:BACK
2025-11-13 23:59:17, MOVE, v:1, k:poo@budega, mode:PICK
2025-11-13 23:59:17, EXEC, v:1, k:poo@budega, mode:FULL, rate:0
