2025-11-18 00:03:52, MOVE, v:1, k:poo@cinema, mode:PICK
2025-11-18 00:03:53, EXEC, v:1, k:poo@cinema, mode:FULL, rate:0
2025-11-18 00:03:54, EXEC, v:1, k:poo@cinema, mode:FULL, rate:0
2025-11-18 00:03:55, MOVE, v:1, k:poo@cinema, mode:BACK
2025-11-18 00:04:18, MOVE, v:1, k:poo@cinema, mode:PICK
2025-11-18 00:04:19, EXEC, v:1, k:poo@cinema, mode:FULL, rate:0
2025-11-18 00:19:14, EXEC, v:1, k:poo@cinema, mode:FULL, rate:0
2025-11-18 00:19:15, MOVE, v:1, k:poo@cinema, mode:BACK
2025-11-18 00:19:19, MOVE, v:1, k:poo@cinema, mode:PICK
2025-11-18 00:19:20, EXEC, v:1, k:poo@cinema, mode:FULL, rate:0
2025-11-18 00:23:15, EXEC, v:1, k:poo@cinema, mode:FULL, rate:0, size:36
2025-11-18 00:23:16, MOVE, v:1, k:poo@cinema, mode:BACK
2025-11-18 00:23:26, MOVE, v:1, k:poo@cinema, mode:PICK
2025-11-18 00:23:27, EXEC, v:1, k:poo@cinema, mode:FULL, rate:0
2025-11-18 00:25:34, EXEC, v:1, k:poo@cinema, mode:FULL, rate:0, size:40
2025-11-18 00:25:35, MOVE, v:1, k:poo@cinema, mode:BACK
2025-11-18 00:41:27, MOVE, v:1, k:poo@cinema, mode:PICK
2025-11-18 00:41:27, EXEC, v:1, k:poo@cinema, mode:FULL, rate:0, size:41
2025-11-18 00:41:28, EXEC, v:1, k:poo@cinema, mode:FULL, rate:0
2025-11-18 00:41:28, MOVE, v:1, k:poo@cinema, mode:BACK
2025-11-18 00:55:04, MOVE, v:1, k:poo@cinema, mode:PICK
2025-11-18 00:55:05, EXEC, v:1, k:poo@cinema, mode:FULL, rate:0, size:42
2025-11-18 00:55:06, MOVE, v:1, k:poo@cinema, mode:BACK
2025-11-18 01:03:48, MOVE, v:1, k:poo@cinema, mode:PICK
2025-11-18 01:03:48, EXEC, v:1, k:poo@cinema, mode:FULL, rate:0, size:52
2025-11-18 01:03:49, EXEC, v:1, k:poo@cinema, mode:FULL, rate:0
2025-11-18 01:03:50, MOVE, v:1, k:poo@cinema, mode:BACK
2025-11-18 01:06:49, MOVE, v:1, k:poo@cinema, mode:PICK
2025-11-18 01:06:50, EXEC, v:1, k:poo@cinema, mode:FULL, rate:0, size:55
2025-11-18 01:06:50, EXEC, v:1, k:poo@cinema, mode:FULL, rate:0, size:55
2025-11-18 01:06:52, MOVE, v:1, k:poo@cinema, mode:BACK
2025-11-18 13:00:37, MOVE, v:1, k:poo@cinema, mode:PICK
2025-11-18 13:01:44, EXEC, v:1, k:poo@cinema, mode:FULL, rate:0, size:55
2025-11-18 13:01:44, MOVE, v:1, k:poo@cinema, mode:BACK
2025-11-18 13:01:46, MOVE, v:1, k:poo@cinema, mode:PICK
2025-11-18 13:01:47, EXEC, v:1, k:poo@cinema, mode:FULL, rate:0
2025-11-18 13:04:02, EXEC, v:1, k:poo@cinema, mode:FULL, rate:0, size:53
2025-11-18 13:04:02, MOVE, v:1, k:poo@cinema, mode:BACK
2025-11-18 13:05:14, MOVE, v:1, k:poo@cinema, mode:PICK
2025-11-18 13:05:15, EXEC, v:1, k:poo@cinema, mode:FULL, rate:0
2025-11-18 13:06:54, MOVE, v:1, k:poo@cinema, mode:BACK
2025-11-18 13:09:02, MOVE, v:1, k:poo@cinema, mode:PICK
2025-11-18 13:09:02, EXEC, v:1, k:poo@cinema, mode:FULL, rate:0, size:56
2025-11-18 13:09:02, EXEC, v:1, k:poo@cinema, mode:FULL, rate:0, size:56
2025-11-18 13:09:40, MOVE, v:1, k:poo@cinema, mode:BACK
2025-11-18 13:13:16, MOVE, v:1, k:poo@cinema, mode:PICK
2025-11-18 13:13:17, EXEC, v:1, k:poo@cinema, mode:FULL, rate:0, size:56
2025-11-18 13:19:30, EXEC, v:1, k:poo@cinema, mode:FULL, rate:0, size:63
2025-11-18 13:40:39, MOVE, v:1, k:poo@cinema, mode:BACK
2025-11-18 13:40:42, MOVE, v:1, k:poo@lapiseira, mode:PICK
2025-11-18 13:40:44, EXEC, v:1, k:poo@lapiseira, mode:FULL, rate:100
2025-11-18 16:21:37, MOVE, v:1, k:poo@cinema, mode:PICK
2025-11-18 16:21:38, EXEC, v:1, k:poo@cinema, mode:FULL, rate:0
2025-11-18 16:21:39, EXEC, v:1, k:poo@cinema, mode:FULL, rate:0
2025-11-18 16:24:41, EXEC, v:1, k:poo@cinema, mode:FULL, rate:0, size:72
2025-11-18 16:24:42, MOVE, v:1, k:poo@cinema, mode:BACK
2025-11-18 16:27:32, MOVE, v:1, k:poo@lapiseira, mode:PICK
2025-11-18 16:27:34, EXEC, v:1, k:poo@lapiseira, mode:FULL, rate:100, size:117
2025-11-18 16:29:30, EXEC, v:1, k:poo@lapiseira, mode:FULL, rate:0, size:121
2025-11-18 16:29:45, MOVE, v:1, k:poo@lapiseira, mode:BACK
2025-11-18 16:30:04, MOVE, v:1, k:poo@cinema, mode:PICK
2025-11-18 16:30:05, EXEC, v:1, k:poo@cinema, mode:FULL, rate:0
2025-11-18 16:42:05, EXEC, v:1, k:poo@cinema, mode:FULL, rate:0, size:107
2025-11-18 16:42:06, EXEC, v:1, k:poo@cinema, mode:FULL, rate:0, size:107
2025-11-18 16:42:37, EXEC, v:1, k:poo@cinema, mode:FULL, rate:0, size:107
2025-11-18 16:43:08, EXEC, v:1, k:poo@cinema, mode:FULL, rate:0, size:108
2025-11-18 16:43:09, EXEC, v:1, k:poo@cinema, mode:FULL, rate:0, size:108
2025-11-18 16:44:51, EXEC, v:1, k:poo@cinema, mode:FULL, rate:22, size:106
2025-11-18 16:45:42, EXEC, v:1, k:poo@cinema, mode:FULL, rate:22, size:106
2025-11-18 16:45:58, EXEC, v:1, k:poo@cinema, mode:FULL, rate:22, size:106
2025-11-18 16:46:06, EXEC, v:1, k:poo@cinema, mode:FULL, rate:22, size:106
2025-11-18 16:47:10, EXEC, v:1, k:poo@cinema, mode:FULL, rate:88, size:107
2025-11-18 16:47:44, EXEC, v:1, k:poo@cinema, mode:FULL, rate:100, size:107
2025-11-18 16:47:52, MOVE, v:1, k:poo@cinema, mode:BACK
2025-11-18 16:49:29, SELF, v:1, k:poo@cinema, rate:100, human:2amigo, guide:video_do_professor, other:sites_de_python, alone:6, study:362
2025-11-18 16:49:36, MOVE, v:1, k:poo@lapiseira, mode:PICK
2025-11-18 16:49:37, EXEC, v:1, k:poo@lapiseira, mode:FULL, rate:0, size:115
2025-11-18 16:54:11, MOVE, v:1, k:poo@lapiseira, mode:BACK
2025-11-18 16:54:13, MOVE, v:1, k:poo@lapiseira, mode:PICK
2025-11-18 16:54:13, EXEC, v:1, k:poo@lapiseira, mode:FULL, rate:0, size:107
2025-11-18 16:54:14, MOVE, v:1, k:poo@lapiseira, mode:BACK
2025-11-18 16:54:22, MOVE, v:1, k:poo@lapiseira, mode:PICK
2025-11-18 16:54:22, EXEC, v:1, k:poo@lapiseira, mode:FULL, rate:0
2025-11-18 16:58:40, EXEC, v:1, k:poo@lapiseira, mode:FULL, rate:0, size:107
2025-11-18 16:58:42, MOVE, v:1, k:poo@lapiseira, mode:BACK
2025-11-18 16:58:45, MOVE, v:1, k:poo@lapiseira, mode:PICK
2025-11-18 16:58:46, EXEC, v:1, k:poo@lapiseira, mode:FULL, rate:0
2025-11-18 17:04:54, EXEC, v:1, k:poo@lapiseira, mode:FULL, rate:0, size:121
2025-11-18 17:04:54, MOVE, v:1, k:poo@lapiseira, mode:BACK
2025-11-18 17:05:02, MOVE, v:1, k:poo@lapiseira, mode:PICK
2025-11-18 17:05:02, EXEC, v:1, k:poo@lapiseira, mode:FULL, rate:0
2025-11-18 17:26:07, EXEC, v:1, k:poo@lapiseira, mode:FULL, rate:0, size:89
2025-11-18 17:26:08, MOVE, v:1, k:poo@lapiseira, mode:BACK
2025-11-18 17:26:14, MOVE, v:1, k:poo@lapiseira, mode:PICK
2025-11-18 17:26:15, EXEC, v:1, k:poo@lapiseira, mode:FULL, rate:0
2025-11-18 17:36:22, EXEC, v:1, k:poo@lapiseira, mode:FULL, rate:0, size:131
2025-11-18 17:36:24, EXEC, v:1, k:poo@lapiseira, mode:FULL, rate:0
2025-11-18 17:37:22, EXEC, v:1, k:poo@lapiseira, mode:FULL, rate:0, size:131
2025-11-18 17:38:45, EXEC, v:1, k:poo@lapiseira, mode:FULL, rate:0, size:146
2025-11-18 17:39:55, EXEC, v:1, k:poo@lapiseira, mode:FULL, rate:7, size:146
2025-11-18 17:40:14, EXEC, v:1, k:poo@lapiseira, mode:FULL, rate:7, size:146
2025-11-18 17:42:01, EXEC, v:1, k:poo@lapiseira, mode:FULL, rate:0, size:148
2025-11-18 17:42:02, EXEC, v:1, k:poo@lapiseira, mode:FULL, rate:0
2025-11-18 17:43:09, EXEC, v:1, k:poo@lapiseira, mode:FULL, rate:0, size:146
2025-11-18 17:43:52, EXEC, v:1, k:poo@lapiseira, mode:FULL, rate:0, size:145
2025-11-18 17:43:53, EXEC, v:1, k:poo@lapiseira, mode:FULL, rate:0
2025-11-18 17:45:29, EXEC, v:1, k:poo@lapiseira, mode:FULL, rate:0, size:149
2025-11-18 17:46:21, EXEC, v:1, k:poo@lapiseira, mode:FULL, rate:0, size:74
2025-11-18 17:47:41, EXEC, v:1, k:poo@lapiseira, mode:FULL, rate:0, size:131
2025-11-18 17:47:52, EXEC, v:1, k:poo@lapiseira, mode:FULL, rate:7, size:131
2025-11-18 17:49:04, EXEC, v:1, k:poo@lapiseira, mode:FULL, rate:0, size:121
2025-11-18 17:49:13, EXEC, v:1, k:poo@lapiseira, mode:FULL, rate:0, size:121
2025-11-18 17:51:32, EXEC, v:1, k:poo@lapiseira, mode:FULL, rate:57, size:120
2025-11-18 17:51:38, MOVE, v:1, k:poo@lapiseira, mode:BACK
2025-11-18 17:51:56, MOVE, v:1, k:poo@lapiseira, mode:PICK
2025-11-18 17:51:57, EXEC, v:1, k:poo@lapiseira, mode:FULL, rate:100, size:120
2025-11-18 17:52:01, MOVE, v:1, k:poo@lapiseira, mode:BACK
2025-11-18 17:52:34, SELF, v:1, k:poo@lapiseira, rate:100, human:2_amigo, guide:2professor_explicando, alone:6, study:438
2025-11-18 17:53:13, SELF, v:1, k:poo@budega, rate:100, human:2_sim, guide:2sim_video_aula_do_professor, alone:6, study:500
2025-11-18 17:55:06, SELF, v:1, k:poo@array, rate:80, human:2amigo, guide:2professor, other:2sites_de_python, alone:8, study:295
2025-11-18 17:55:18, SELF, v:1, k:poo@lapiseira, rate:100, human:2_amigo, guide:2professor_explicando, alone:6, study:438
2025-11-18 17:55:30, SELF, v:1, k:poo@pula-pula, rate:100, human:2amigo, guide:2video_do_professor, alone:7, study:670
2025-11-18 17:55:38, SELF, v:1, k:poo@cinema, rate:100, human:2amigo, guide:video_do_professor, other:sites_de_python, alone:6, study:362
