2025-11-15 00:00:29, MOVE, v:1, k:poo@lapiseira, mode:PICK
2025-11-15 00:00:30, EXEC, v:1, k:poo@lapiseira, mode:FULL, rate:0
2025-11-15 00:16:25, EXEC, v:1, k:poo@lapiseira, mode:FULL, rate:0, size:100
2025-11-15 00:16:26, MOVE, v:1, k:poo@lapiseira, mode:BACK
2025-11-15 00:26:42, MOVE, v:1, k:poo@lapiseira, mode:PICK
2025-11-15 00:26:43, EXEC, v:1, k:poo@lapiseira, mode:FULL, rate:0
2025-11-15 00:26:45, MOVE, v:1, k:poo@lapiseira, mode:BACK
2025-11-15 00:27:02, MOVE, v:1, k:poo@lapiseira, mode:PICK
2025-11-15 00:27:03, EXEC, v:1, k:poo@lapiseira, mode:FULL, rate:0
2025-11-15 00:27:04, EXEC, v:1, k:poo@lapiseira, mode:FULL, rate:0
2025-11-15 00:27:05, MOVE, v:1, k:poo@lapiseira, mode:BACK
2025-11-15 00:27:07, MOVE, v:1, k:poo@lapiseira, mode:PICK
2025-11-15 00:27:07, EXEC, v:1, k:poo@lapiseira, mode:FULL, rate:0
2025-11-15 00:27:07, EXEC, v:1, k:poo@lapiseira, mode:FULL, rate:0
2025-11-15 00:27:08, EXEC, v:1, k:poo@lapiseira, mode:FULL, rate:0
2025-11-15 00:27:08, MOVE, v:1, k:poo@lapiseira, mode:BACK
2025-11-15 00:27:09, MOVE, v:1, k:poo@lapiseira, mode:PICK
2025-11-15 00:27:09, EXEC, v:1, k:poo@lapiseira, mode:FULL, rate:0
2025-11-15 00:27:25, MOVE, v:1, k:poo@lapiseira, mode:BACK
2025-11-15 00:28:04, MOVE, v:1, k:poo@lapiseira, mode:PICK
2025-11-15 00:28:04, EXEC, v:1, k:poo@lapiseira, mode:FULL, rate:0
2025-11-15 00:28:05, EXEC, v:1, k:poo@lapiseira, mode:FULL, rate:0
2025-11-15 00:28:06, MOVE, v:1, k:poo@lapiseira, mode:BACK
2025-11-15 00:28:08, MOVE, v:1, k:poo@lapiseira, mode:PICK
2025-11-15 00:28:08, EXEC, v:1, k:poo@lapiseira, mode:FULL, rate:0
2025-11-15 00:31:41, EXEC, v:1, k:poo@lapiseira, mode:FULL, rate:0
2025-11-15 00:31:42, MOVE, v:1, k:poo@lapiseira, mode:BACK
2025-11-15 00:31:43, MOVE, v:1, k:poo@lapiseira, mode:PICK
2025-11-15 00:31:44, EXEC, v:1, k:poo@lapiseira, mode:FULL, rate:0
2025-11-15 00:38:35, EXEC, v:1, k:poo@lapiseira, mode:FULL, rate:0
2025-11-15 00:38:37, EXEC, v:1, k:poo@lapiseira, mode:FULL, rate:0
2025-11-15 00:38:38, MOVE, v:1, k:poo@lapiseira, mode:BACK
2025-11-15 00:38:39, MOVE, v:1, k:poo@lapiseira, mode:PICK
2025-11-15 00:38:40, EXEC, v:1, k:poo@lapiseira, mode:FULL, rate:0
2025-11-15 00:42:37, EXEC, v:1, k:poo@lapiseira, mode:FULL, rate:0
2025-11-15 00:42:42, MOVE, v:1, k:poo@lapiseira, mode:BACK
2025-11-15 00:42:43, MOVE, v:1, k:poo@lapiseira, mode:PICK
2025-11-15 00:42:44, EXEC, v:1, k:poo@lapiseira, mode:FULL, rate:0
2025-11-15 00:47:15, EXEC, v:1, k:poo@lapiseira, mode:FULL, rate:0
2025-11-15 00:47:16, MOVE, v:1, k:poo@lapiseira, mode:BACK
2025-11-15 00:47:17, MOVE, v:1, k:poo@lapiseira, mode:PICK
2025-11-15 00:47:17, EXEC, v:1, k:poo@lapiseira, mode:FULL, rate:0
2025-11-15 00:54:24, EXEC, v:1, k:poo@lapiseira, mode:FULL, rate:0
2025-11-15 00:54:25, MOVE, v:1, k:poo@lapiseira, mode:BACK
2025-11-15 00:54:26, MOVE, v:1, k:poo@lapiseira, mode:PICK
2025-11-15 00:54:27, EXEC, v:1, k:poo@lapiseira, mode:FULL, rate:0
2025-11-15 01:05:35, EXEC, v:1, k:poo@lapiseira, mode:FULL, rate:0
2025-11-15 01:05:37, MOVE, v:1, k:poo@lapiseira, mode:BACK
2025-11-15 01:05:43, MOVE, v:1, k:poo@lapiseira, mode:PICK
2025-11-15 01:09:00, EXEC, v:1, k:poo@lapiseira, mode:FULL, rate:0
2025-11-15 01:09:02, EXEC, v:1, k:poo@lapiseira, mode:FULL, rate:0
2025-11-15 01:09:03, MOVE, v:1, k:poo@lapiseira, mode:BACK
2025-11-15 01:09:04, MOVE, v:1, k:poo@lapiseira, mode:PICK
2025-11-15 01:09:04, EXEC, v:1, k:poo@lapiseira, mode:FULL, rate:0
2025-11-15 01:12:24, EXEC, v:1, k:poo@lapiseira, mode:FULL, rate:0
2025-11-15 01:12:25, MOVE, v:1, k:poo@lapiseira, mode:BACK
2025-11-15 01:12:27, MOVE, v:1, k:poo@lapiseira, mode:PICK
2025-11-15 01:17:53, EXEC, v:1, k:poo@lapiseira, mode:FULL, rate:0
2025-11-15 01:17:53, EXEC, v:1, k:poo@lapiseira, mode:FULL, rate:0
2025-11-15 01:17:54, MOVE, v:1, k:poo@lapiseira, mode:BACK
2025-11-15 01:17:55, MOVE, v:1, k:poo@lapiseira, mode:PICK
2025-11-15 01:17:56, EXEC, v:1, k:poo@lapiseira, mode:FULL, rate:0
2025-11-15 01:23:27, EXEC, v:1, k:poo@lapiseira, mode:FULL, rate:0
2025-11-15 01:23:28, MOVE, v:1, k:poo@lapiseira, mode:BACK
2025-11-15 01:23:30, MOVE, v:1, k:poo@lapiseira, mode:PICK
2025-11-15 01:23:31, EXEC, v:1, k:poo@lapiseira, mode:FULL, rate:0
2025-11-15 01:27:10, EXEC, v:1, k:poo@lapiseira, mode:FULL, rate:0
2025-11-15 01:27:10, MOVE, v:1, k:poo@lapiseira, mode:BACK
2025-11-15 01:27:12, MOVE, v:1, k:poo@lapiseira, mode:PICK
2025-11-15 01:27:13, EXEC, v:1, k:poo@lapiseira, mode:FULL, rate:0
2025-11-15 01:53:49, EXEC, v:1, k:poo@lapiseira, mode:FULL, rate:0
2025-11-15 01:53:50, MOVE, v:1, k:poo@lapiseira, mode:BACK
2025-11-15 01:53:52, MOVE, v:1, k:poo@lapiseira, mode:PICK
2025-11-15 01:53:52, EXEC, v:1, k:poo@lapiseira, mode:FULL, rate:0
2025-11-15 02:12:25, EXEC, v:1, k:poo@lapiseira, mode:FULL, rate:0
2025-11-15 02:12:27, MOVE, v:1, k:poo@lapiseira, mode:BACK
2025-11-15 02:12:28, MOVE, v:1, k:poo@lapiseira, mode:PICK
2025-11-15 02:18:13, EXEC, v:1, k:poo@lapiseira, mode:FULL, rate:0
2025-11-15 02:18:14, EXEC, v:1, k:poo@lapiseira, mode:FULL, rate:0
2025-11-15 02:18:14, MOVE, v:1, k:poo@lapiseira, mode:BACK
2025-11-15 02:21:59, MOVE, v:1, k:poo@lapiseira, mode:PICK
2025-11-15 02:22:00, EXEC, v:1, k:poo@lapiseira, mode:FULL, rate:0, size:102
2025-11-15 02:22:01, MOVE, v:1, k:poo@lapiseira, mode:BACK
2025-11-15 02:22:44, MOVE, v:1, k:poo@lapiseira, mode:PICK
2025-11-15 02:22:45, EXEC, v:1, k:poo@lapiseira, mode:FULL, rate:0, size:102
2025-11-15 02:25:33, EXEC, v:1, k:poo@lapiseira, mode:FULL, rate:0, size:114
2025-11-15 02:26:05, EXEC, v:1, k:poo@lapiseira, mode:FULL, rate:0, size:115
2025-11-15 02:26:32, EXEC, v:1, k:poo@lapiseira, mode:FULL, rate:0, size:115
2025-11-15 02:26:57, EXEC, v:1, k:poo@lapiseira, mode:FULL, rate:0, size:115
2025-11-15 02:27:13, EXEC, v:1, k:poo@lapiseira, mode:FULL, rate:0, size:115
2025-11-15 02:28:20, MOVE, v:1, k:poo@lapiseira, mode:BACK
2025-11-15 02:28:22, MOVE, v:1, k:poo@lapiseira, mode:PICK
2025-11-15 02:28:23, EXEC, v:1, k:poo@lapiseira, mode:FULL, rate:0
2025-11-15 02:28:24, MOVE, v:1, k:poo@lapiseira, mode:BACK
2025-11-15 02:28:30, MOVE, v:1, k:poo@lapiseira, mode:PICK
2025-11-15 02:28:32, EXEC, v:1, k:poo@lapiseira, mode:FULL, rate:0
2025-11-15 02:28:32, MOVE, v:1, k:poo@lapiseira, mode:BACK
2025-11-15 02:29:05, MOVE, v:1, k:poo@lapiseira, mode:PICK
2025-11-15 02:29:06, EXEC, v:1, k:poo@lapiseira, mode:FULL, rate:0
2025-11-15 02:29:09, EXEC, v:1, k:poo@lapiseira, mode:FULL, rate:0
2025-11-15 02:29:12, EXEC, v:1, k:poo@lapiseira, mode:FULL, rate:0
2025-11-15 02:29:14, EXEC, v:1, k:poo@lapiseira, mode:FULL, rate:0
2025-11-15 02:29:15, EXEC, v:1, k:poo@lapiseira, mode:FULL, rate:0
2025-11-15 02:29:16, EXEC, v:1, k:poo@lapiseira, mode:FULL, rate:0
2025-11-15 02:29:18, EXEC, v:1, k:poo@lapiseira, mode:FULL, rate:0
2025-11-15 02:29:19, EXEC, v:1, k:poo@lapiseira, mode:FULL, rate:0
2025-11-15 02:29:21, EXEC, v:1, k:poo@lapiseira, mode:FULL, rate:0
2025-11-15 02:29:22, EXEC, v:1, k:poo@lapiseira, mode:FULL, rate:0
2025-11-15 02:29:23, EXEC, v:1, k:poo@lapiseira, mode:FULL, rate:0
2025-11-15 02:29:23, EXEC, v:1, k:poo@lapiseira, mode:FULL, rate:0
2025-11-15 02:29:24, EXEC, v:1, k:poo@lapiseira, mode:FULL, rate:0
2025-11-15 02:29:24, MOVE, v:1, k:poo@lapiseira, mode:BACK
2025-11-15 02:29:26, MOVE, v:1, k:poo@lapiseira, mode:PICK
2025-11-15 02:29:28, MOVE, v:1, k:poo@lapiseira, mode:BACK
2025-11-15 02:29:38, MOVE, v:1, k:poo@lapiseira, mode:PICK
2025-11-15 02:29:40, EXEC, v:1, k:poo@lapiseira, mode:FULL, rate:0
2025-11-15 02:30:06, MOVE, v:1, k:poo@lapiseira, mode:PICK
2025-11-15 02:30:07, EXEC, v:1, k:poo@lapiseira, mode:FULL, rate:0
2025-11-15 02:30:09, MOVE, v:1, k:poo@lapiseira, mode:BACK
2025-11-15 02:30:36, MOVE, v:1, k:poo@lapiseira, mode:PICK
2025-11-15 02:30:37, EXEC, v:1, k:poo@lapiseira, mode:FULL, rate:0
2025-11-15 02:32:18, EXEC, v:1, k:poo@lapiseira, mode:FULL, rate:0
2025-11-15 02:33:57, EXEC, v:1, k:poo@lapiseira, mode:FULL, rate:0
2025-11-15 02:34:44, EXEC, v:1, k:poo@lapiseira, mode:FULL, rate:0
2025-11-15 02:35:14, MOVE, v:1, k:poo@lapiseira, mode:BACK
2025-11-15 02:35:43, MOVE, v:1, k:poo@lapiseira, mode:DOWN
2025-11-15 02:35:48, MOVE, v:1, k:poo@lapiseira, mode:DOWN
2025-11-15 02:36:29, MOVE, v:1, k:poo@lapiseira, mode:PICK
2025-11-15 02:36:30, EXEC, v:1, k:poo@lapiseira, mode:FULL, rate:0
2025-11-15 02:39:43, EXEC, v:1, k:poo@lapiseira, mode:FULL, rate:0
2025-11-15 02:41:22, EXEC, v:1, k:poo@lapiseira, mode:FULL, rate:0
2025-11-15 02:45:30, EXEC, v:1, k:poo@lapiseira, mode:FULL, rate:0
2025-11-15 02:46:45, MOVE, v:1, k:poo@lapiseira, mode:BACK
2025-11-15 02:46:48, MOVE, v:1, k:poo@lapiseira, mode:PICK
2025-11-15 02:46:49, EXEC, v:1, k:poo@lapiseira, mode:FULL, rate:0
2025-11-15 02:46:49, MOVE, v:1, k:poo@lapiseira, mode:BACK
2025-11-15 02:50:46, MOVE, v:1, k:poo@lapiseira, mode:PICK
2025-11-15 02:50:47, EXEC, v:1, k:poo@lapiseira, mode:FULL, rate:0
2025-11-15 02:51:32, EXEC, v:1, k:poo@lapiseira, mode:FULL, rate:0, size:115
2025-11-15 02:52:38, EXEC, v:1, k:poo@lapiseira, mode:FULL, rate:0
2025-11-15 02:53:08, EXEC, v:1, k:poo@lapiseira, mode:FULL, rate:100, size:110
2025-11-15 02:53:28, EXEC, v:1, k:poo@lapiseira, mode:FULL, rate:100, size:109
2025-11-15 02:54:38, EXEC, v:1, k:poo@lapiseira, mode:FULL, rate:14, size:127
2025-11-15 02:56:03, EXEC, v:1, k:poo@lapiseira, mode:FULL, rate:0, size:126
2025-11-15 02:56:26, EXEC, v:1, k:poo@lapiseira, mode:FULL, rate:0, size:126
2025-11-15 02:56:58, EXEC, v:1, k:poo@lapiseira, mode:FULL, rate:100, size:121
2025-11-15 02:57:13, EXEC, v:1, k:poo@lapiseira, mode:FULL, rate:100, size:120
2025-11-15 02:57:53, EXEC, v:1, k:poo@lapiseira, mode:FULL, rate:100, size:117
2025-11-15 02:58:08, MOVE, v:1, k:poo@lapiseira, mode:BACK
2025-11-15 02:59:51, SELF, v:1, k:poo@lapiseira, rate:100, human:2_amigo, iagen:2_gemini_simplificando_a_explicacao, guide:2professor_explicando, alone:6, study:390
2025-11-15 03:00:51, SELF, v:1, k:poo@pula-pula, rate:100, human:2amigo, iagen:2gemini_explicando_a_questao, guide:2video_do_professor, alone:7, study:670
2025-11-15 03:01:37, MOVE, v:1, k:poo@budega, mode:PICK
2025-11-15 03:01:39, EXEC, v:1, k:poo@budega, mode:FULL, rate:0, size:94
2025-11-15 03:02:48, MOVE, v:1, k:poo@lapiseira, mode:BACK
2025-11-15 03:02:50, MOVE, v:1, k:poo@budega, mode:PICK
2025-11-15 03:02:51, EXEC, v:1, k:poo@budega, mode:FULL, rate:0, size:0
2025-11-15 03:03:25, EXEC, v:1, k:poo@budega, mode:FULL, rate:0
2025-11-15 03:03:55, EXEC, v:1, k:poo@budega, mode:FULL, rate:0
2025-11-15 03:04:23, EXEC, v:1, k:poo@budega, mode:FULL, rate:0
2025-11-15 03:04:51, EXEC, v:1, k:poo@budega, mode:FULL, rate:0
2025-11-15 03:05:24, EXEC, v:1, k:poo@budega, mode:FULL, rate:0
2025-11-15 03:05:34, EXEC, v:1, k:poo@budega, mode:FULL, rate:0
2025-11-15 03:06:06, EXEC, v:1, k:poo@budega, mode:FULL, rate:0
2025-11-15 03:07:22, EXEC, v:1, k:poo@budega, mode:FULL, rate:0
2025-11-15 03:08:07, EXEC, v:1, k:poo@budega, mode:FULL, rate:0
2025-11-15 03:08:14, EXEC, v:1, k:poo@budega, mode:FULL, rate:0
2025-11-15 03:08:44, EXEC, v:1, k:poo@budega, mode:FULL, rate:0
2025-11-15 03:11:56, EXEC, v:1, k:poo@budega, mode:FULL, rate:0
2025-11-15 03:13:52, EXEC, v:1, k:poo@budega, mode:FULL, rate:100, size:80
2025-11-15 03:14:06, EXEC, v:1, k:poo@budega, mode:FULL, rate:0, size:2
2025-11-15 03:16:00, MOVE, v:1, k:poo@budega, mode:BACK
2025-11-15 03:16:23, MOVE, v:1, k:poo@budega, mode:PICK
2025-11-15 03:16:24, EXEC, v:1, k:poo@budega, mode:FULL, rate:0, size:1
2025-11-15 03:33:38, EXEC, v:1, k:poo@budega, mode:FULL, rate:0, size:62
2025-11-15 03:33:39, MOVE, v:1, k:poo@budega, mode:BACK
2025-11-15 03:34:12, MOVE, v:1, k:poo@budega, mode:PICK
2025-11-15 03:34:13, EXEC, v:1, k:poo@budega, mode:FULL, rate:0
2025-11-15 03:34:13, EXEC, v:1, k:poo@budega, mode:FULL, rate:0
2025-11-15 03:34:14, EXEC, v:1, k:poo@budega, mode:FULL, rate:0
2025-11-15 03:34:15, EXEC, v:1, k:poo@budega, mode:FULL, rate:0
2025-11-15 03:34:16, EXEC, v:1, k:poo@budega, mode:FULL, rate:0
2025-11-15 03:34:17, MOVE, v:1, k:poo@budega, mode:BACK
2025-11-15 03:36:45, MOVE, v:1, k:poo@budega, mode:PICK
2025-11-15 03:36:45, EXEC, v:1, k:poo@budega, mode:FULL, rate:0
2025-11-15 03:36:46, EXEC, v:1, k:poo@budega, mode:FULL, rate:0
2025-11-15 03:36:47, MOVE, v:1, k:poo@budega, mode:BACK
2025-11-15 03:39:41, MOVE, v:1, k:poo@budega, mode:PICK
2025-11-15 03:39:43, EXEC, v:1, k:poo@budega, mode:FULL, rate:0, size:63
2025-11-15 03:45:16, EXEC, v:1, k:poo@budega, mode:FULL, rate:0, size:76
2025-11-15 03:45:31, EXEC, v:1, k:poo@budega, mode:FULL, rate:0, size:76
2025-11-15 03:46:46, EXEC, v:1, k:poo@budega, mode:FULL, rate:0, size:77
2025-11-15 03:47:02, EXEC, v:1, k:poo@budega, mode:FULL, rate:0, size:77
2025-11-15 03:47:38, EXEC, v:1, k:poo@budega, mode:FULL, rate:0, size:77
2025-11-15 03:48:07, EXEC, v:1, k:poo@budega, mode:FULL, rate:0, size:77
2025-11-15 03:50:24, EXEC, v:1, k:poo@budega, mode:FULL, rate:0
2025-11-15 03:50:25, MOVE, v:1, k:poo@budega, mode:BACK
2025-11-15 03:50:29, MOVE, v:1, k:poo@budega, mode:PICK
2025-11-15 03:50:29, EXEC, v:1, k:poo@budega, mode:FULL, rate:0
2025-11-15 03:50:48, EXEC, v:1, k:poo@budega, mode:FULL, rate:0, size:77
2025-11-15 03:52:41, EXEC, v:1, k:poo@budega, mode:FULL, rate:0, size:77
2025-11-15 03:55:17, EXEC, v:1, k:poo@budega, mode:FULL, rate:0, size:77
2025-11-15 03:55:47, EXEC, v:1, k:poo@budega, mode:FULL, rate:0, size:77
2025-11-15 03:56:35, EXEC, v:1, k:poo@budega, mode:FULL, rate:100, size:79
2025-11-15 03:56:49, EXEC, v:1, k:poo@budega, mode:FULL, rate:100
2025-11-15 03:56:50, MOVE, v:1, k:poo@budega, mode:BACK
2025-11-15 03:58:41, SELF, v:1, k:poo@budega, rate:100, human:2_sim, iagen:sim_gemini_pra_me_ajudar_onde_estava_errando, guide:2sim_video_aula_do_professor, alone:6, study:500
2025-11-15 19:09:19, MOVE, v:1, k:poo@tabuleiro, mode:PICK
2025-11-15 19:09:20, EXEC, v:1, k:poo@tabuleiro, mode:FULL, rate:0, size:0
2025-11-15 19:10:56, MOVE, v:1, k:poo@tabuleiro, mode:BACK
2025-11-15 19:15:24, MOVE, v:1, k:poo@array, mode:PICK
2025-11-15 19:15:25, EXEC, v:1, k:poo@array, mode:LOCK, rate:100
2025-11-15 19:28:02, EXEC, v:1, k:poo@array, mode:LOCK, rate:100, size:3
2025-11-15 19:28:02, MOVE, v:1, k:poo@array, mode:BACK
2025-11-15 19:33:57, MOVE, v:1, k:poo@array, mode:PICK
2025-11-15 19:33:58, EXEC, v:1, k:poo@array, mode:LOCK, rate:100, size:6
2025-11-15 19:33:59, MOVE, v:1, k:poo@array, mode:BACK
2025-11-15 19:36:15, MOVE, v:1, k:poo@array, mode:PICK
2025-11-15 19:36:16, EXEC, v:1, k:poo@array, mode:LOCK, rate:100, size:7
2025-11-15 19:36:16, EXEC, v:1, k:poo@array, mode:LOCK, rate:100, size:7
2025-11-15 19:36:18, MOVE, v:1, k:poo@array, mode:BACK
2025-11-15 19:42:28, MOVE, v:1, k:poo@array, mode:PICK
2025-11-15 19:42:29, EXEC, v:1, k:poo@array, mode:LOCK, rate:0, size:13
2025-11-15 19:42:40, EXEC, v:1, k:poo@array, mode:LOCK, rate:0, size:12
2025-11-15 19:42:58, EXEC, v:1, k:poo@array, mode:LOCK, rate:0, size:12
2025-11-15 19:43:12, MOVE, v:1, k:poo@array, mode:BACK
2025-11-15 19:52:11, MOVE, v:1, k:poo@array, mode:PICK
2025-11-15 19:52:12, EXEC, v:1, k:poo@array, mode:LOCK, rate:0
2025-11-15 19:55:37, EXEC, v:1, k:poo@array, mode:LOCK, rate:0, size:18
2025-11-15 19:55:38, MOVE, v:1, k:poo@array, mode:BACK
2025-11-15 20:05:19, MOVE, v:1, k:poo@array, mode:PICK
2025-11-15 20:05:19, EXEC, v:1, k:poo@array, mode:LOCK, rate:0
2025-11-15 20:05:20, EXEC, v:1, k:poo@array, mode:LOCK, rate:0
2025-11-15 20:05:21, MOVE, v:1, k:poo@array, mode:BACK
2025-11-15 20:21:25, MOVE, v:1, k:poo@array, mode:PICK
2025-11-15 20:21:25, EXEC, v:1, k:poo@array, mode:LOCK, rate:0
2025-11-15 20:28:50, EXEC, v:1, k:poo@array, mode:LOCK, rate:0, size:35
2025-11-15 20:28:53, MOVE, v:1, k:poo@array, mode:BACK
2025-11-15 20:30:18, MOVE, v:1, k:poo@array, mode:PICK
2025-11-15 20:30:19, EXEC, v:1, k:poo@array, mode:LOCK, rate:0, size:37
2025-11-15 20:30:19, MOVE, v:1, k:poo@array, mode:BACK
2025-11-15 20:42:55, MOVE, v:1, k:poo@array, mode:PICK
2025-11-15 20:42:56, EXEC, v:1, k:poo@array, mode:LOCK, rate:0, size:45
2025-11-15 20:42:56, EXEC, v:1, k:poo@array, mode:LOCK, rate:0, size:45
2025-11-15 20:42:57, MOVE, v:1, k:poo@array, mode:BACK
2025-11-15 20:58:16, MOVE, v:1, k:poo@array, mode:PICK
2025-11-15 20:58:16, EXEC, v:1, k:poo@array, mode:LOCK, rate:0, size:57
2025-11-15 20:58:17, EXEC, v:1, k:poo@array, mode:LOCK, rate:0
2025-11-15 20:58:17, MOVE, v:1, k:poo@array, mode:BACK
2025-11-15 21:18:46, MOVE, v:1, k:poo@budega, mode:PICK
2025-11-15 21:18:46, EXEC, v:1, k:poo@budega, mode:FULL, rate:100
2025-11-15 21:31:10, MOVE, v:1, k:poo@budega, mode:BACK
2025-11-15 21:31:19, MOVE, v:1, k:poo@array, mode:PICK
2025-11-15 21:31:20, EXEC, v:1, k:poo@array, mode:LOCK, rate:0
2025-11-15 21:31:20, EXEC, v:1, k:poo@array, mode:LOCK, rate:0
2025-11-15 21:31:21, MOVE, v:1, k:poo@array, mode:BACK
2025-11-15 21:31:42, MOVE, v:1, k:poo@array, mode:PICK
2025-11-15 21:31:43, EXEC, v:1, k:poo@array, mode:LOCK, rate:0
2025-11-15 21:31:43, EXEC, v:1, k:poo@array, mode:LOCK, rate:0
2025-11-15 21:31:44, MOVE, v:1, k:poo@array, mode:BACK
2025-11-15 21:31:47, MOVE, v:1, k:poo@array, mode:PICK
2025-11-15 21:31:48, EXEC, v:1, k:poo@array, mode:LOCK, rate:0
2025-11-15 21:40:20, EXEC, v:1, k:poo@array, mode:LOCK, rate:0
2025-11-15 21:40:21, MOVE, v:1, k:poo@array, mode:BACK
2025-11-15 21:40:24, MOVE, v:1, k:poo@array, mode:PICK
2025-11-15 21:40:24, EXEC, v:1, k:poo@array, mode:LOCK, rate:0
2025-11-15 21:50:26, EXEC, v:1, k:poo@array, mode:LOCK, rate:0
2025-11-15 21:50:31, MOVE, v:1, k:poo@array, mode:BACK
2025-11-15 21:50:45, MOVE, v:1, k:poo@array, mode:PICK
2025-11-15 21:50:45, EXEC, v:1, k:poo@array, mode:LOCK, rate:0
2025-11-15 22:03:27, EXEC, v:1, k:poo@array, mode:LOCK, rate:0
2025-11-15 22:03:28, MOVE, v:1, k:poo@array, mode:BACK
2025-11-15 22:10:01, MOVE, v:1, k:poo@array, mode:PICK
2025-11-15 22:10:02, EXEC, v:1, k:poo@array, mode:LOCK, rate:0, size:67
2025-11-15 22:10:04, EXEC, v:1, k:poo@array, mode:LOCK, rate:0
2025-11-15 22:10:05, MOVE, v:1, k:poo@array, mode:BACK
2025-11-15 22:10:13, MOVE, v:1, k:poo@array, mode:PICK
2025-11-15 22:10:14, EXEC, v:1, k:poo@array, mode:LOCK, rate:0
2025-11-15 22:17:02, MOVE, v:1, k:poo@array, mode:BACK
2025-11-15 22:17:07, MOVE, v:1, k:poo@array, mode:PICK
2025-11-15 22:17:08, EXEC, v:1, k:poo@array, mode:LOCK, rate:0, size:83
2025-11-15 22:23:01, EXEC, v:1, k:poo@array, mode:LOCK, rate:0, size:103
2025-11-15 22:23:02, MOVE, v:1, k:poo@array, mode:BACK
2025-11-15 22:34:48, MOVE, v:1, k:poo@array, mode:PICK
2025-11-15 22:34:49, EXEC, v:1, k:poo@array, mode:LOCK, rate:0
2025-11-15 22:34:50, EXEC, v:1, k:poo@array, mode:LOCK, rate:0
2025-11-15 22:34:51, MOVE, v:1, k:poo@array, mode:BACK
2025-11-15 22:44:50, MOVE, v:1, k:poo@array, mode:PICK
2025-11-15 22:44:51, EXEC, v:1, k:poo@array, mode:LOCK, rate:0
2025-11-15 22:44:52, MOVE, v:1, k:poo@array, mode:BACK
2025-11-15 22:52:23, MOVE, v:1, k:poo@array, mode:PICK
2025-11-15 22:52:24, EXEC, v:1, k:poo@array, mode:LOCK, rate:0
2025-11-15 22:52:24, EXEC, v:1, k:poo@array, mode:LOCK, rate:0
2025-11-15 22:52:25, MOVE, v:1, k:poo@array, mode:BACK
2025-11-15 23:04:25, MOVE, v:1, k:poo@array, mode:PICK
2025-11-15 23:04:25, EXEC, v:1, k:poo@array, mode:LOCK, rate:0, size:126
2025-11-15 23:04:26, EXEC, v:1, k:poo@array, mode:LOCK, rate:0
2025-11-15 23:04:26, EXEC, v:1, k:poo@array, mode:LOCK, rate:0
2025-11-15 23:04:27, EXEC, v:1, k:poo@array, mode:LOCK, rate:0
2025-11-15 23:04:27, EXEC, v:1, k:poo@array, mode:LOCK, rate:0
2025-11-15 23:04:27, EXEC, v:1, k:poo@array, mode:LOCK, rate:0
2025-11-15 23:06:21, EXEC, v:1, k:poo@array, mode:LOCK, rate:0, size:196
2025-11-15 23:06:31, EXEC, v:1, k:poo@array, mode:FREE
2025-11-15 23:11:21, EXEC, v:1, k:poo@array, mode:FREE
2025-11-15 23:19:24, MOVE, v:1, k:poo@array, mode:BACK
