2025-11-14 00:03:58, EXEC, v:1, k:poo@budega, mode:FULL, rate:0
2025-11-14 00:03:59, MOVE, v:1, k:poo@budega, mode:BACK
2025-11-14 00:04:12, MOVE, v:1, k:poo@lapiseira, mode:PICK
2025-11-14 00:04:13, EXEC, v:1, k:poo@lapiseira, mode:FULL, rate:0, size:0
2025-11-14 00:12:00, EXEC, v:1, k:poo@lapiseira, mode:FULL, rate:0
2025-11-14 00:12:01, MOVE, v:1, k:poo@lapiseira, mode:BACK
2025-11-14 00:12:03, MOVE, v:1, k:poo@lapiseira, mode:PICK
2025-11-14 00:12:05, EXEC, v:1, k:poo@lapiseira, mode:FULL, rate:0
2025-11-14 00:17:00, EXEC, v:1, k:poo@lapiseira, mode:FULL, rate:0
2025-11-14 00:17:00, MOVE, v:1, k:poo@lapiseira, mode:BACK
2025-11-14 00:17:01, MOVE, v:1, k:poo@lapiseira, mode:PICK
2025-11-14 00:17:02, EXEC, v:1, k:poo@lapiseira, mode:FULL, rate:0
2025-11-14 00:20:50, EXEC, v:1, k:poo@lapiseira, mode:FULL, rate:0
2025-11-14 00:20:50, MOVE, v:1, k:poo@lapiseira, mode:BACK
2025-11-14 00:20:51, MOVE, v:1, k:poo@lapiseira, mode:PICK
2025-11-14 00:20:52, EXEC, v:1, k:poo@lapiseira, mode:FULL, rate:0
2025-11-14 00:22:36, EXEC, v:1, k:poo@lapiseira, mode:FULL, rate:0
2025-11-14 00:22:37, MOVE, v:1, k:poo@lapiseira, mode:BACK
2025-11-14 00:22:38, MOVE, v:1, k:poo@lapiseira, mode:PICK
2025-11-14 00:22:38, EXEC, v:1, k:poo@lapiseira, mode:FULL, rate:0
2025-11-14 00:24:09, EXEC, v:1, k:poo@lapiseira, mode:FULL, rate:0
2025-11-14 00:24:10, MOVE, v:1, k:poo@lapiseira, mode:BACK
2025-11-14 00:24:11, MOVE, v:1, k:poo@lapiseira, mode:PICK
2025-11-14 00:24:12, EXEC, v:1, k:poo@lapiseira, mode:FULL, rate:0
2025-11-14 00:26:02, EXEC, v:1, k:poo@lapiseira, mode:FULL, rate:0
2025-11-14 00:26:02, MOVE, v:1, k:poo@lapiseira, mode:BACK
2025-11-14 00:26:03, MOVE, v:1, k:poo@lapiseira, mode:PICK
2025-11-14 00:26:04, EXEC, v:1, k:poo@lapiseira, mode:FULL, rate:0
2025-11-14 00:30:01, EXEC, v:1, k:poo@lapiseira, mode:FULL, rate:0
2025-11-14 00:30:01, MOVE, v:1, k:poo@lapiseira, mode:BACK
2025-11-14 00:30:02, MOVE, v:1, k:poo@lapiseira, mode:PICK
2025-11-14 00:30:03, EXEC, v:1, k:poo@lapiseira, mode:FULL, rate:0
2025-11-14 00:33:14, EXEC, v:1, k:poo@lapiseira, mode:FULL, rate:0
2025-11-14 00:33:15, MOVE, v:1, k:poo@lapiseira, mode:BACK
2025-11-14 00:33:17, MOVE, v:1, k:poo@budega, mode:PICK
2025-11-14 00:33:17, EXEC, v:1, k:poo@budega, mode:FULL, rate:0
2025-11-14 00:37:02, EXEC, v:1, k:poo@budega, mode:FULL, rate:0
2025-11-14 00:38:01, EXEC, v:1, k:poo@budega, mode:FULL, rate:0
2025-11-14 00:39:11, EXEC, v:1, k:poo@budega, mode:FULL, rate:0
2025-11-14 00:59:48, EXEC, v:1, k:poo@budega, mode:FULL, rate:0
2025-11-14 01:08:19, EXEC, v:1, k:poo@budega, mode:FULL, rate:0
2025-11-14 01:09:57, MOVE, v:1, k:poo@budega, mode:BACK
2025-11-14 01:10:05, MOVE, v:1, k:poo@budega, mode:PICK
2025-11-14 01:10:06, EXEC, v:1, k:poo@budega, mode:FULL, rate:0
2025-11-14 01:10:07, MOVE, v:1, k:poo@budega, mode:BACK
2025-11-14 01:10:44, MOVE, v:1, k:poo@budega, mode:PICK
2025-11-14 01:10:45, EXEC, v:1, k:poo@budega, mode:FULL, rate:0
2025-11-14 01:11:12, MOVE, v:1, k:poo@budega, mode:BACK
2025-11-14 01:12:34, MOVE, v:1, k:poo@budega, mode:PICK
2025-11-14 01:12:35, EXEC, v:1, k:poo@budega, mode:FULL, rate:0
2025-11-14 01:12:43, MOVE, v:1, k:poo@budega, mode:BACK
2025-11-14 01:12:49, MOVE, v:1, k:poo@budega, mode:PICK
2025-11-14 01:12:50, EXEC, v:1, k:poo@budega, mode:FULL, rate:0
2025-11-14 01:14:42, EXEC, v:1, k:poo@budega, mode:FULL, rate:0
2025-11-14 01:15:52, EXEC, v:1, k:poo@budega, mode:FULL, rate:0
2025-11-14 01:15:53, EXEC, v:1, k:poo@budega, mode:FULL, rate:0
2025-11-14 01:15:53, EXEC, v:1, k:poo@budega, mode:FULL, rate:0
2025-11-14 01:15:54, EXEC, v:1, k:poo@budega, mode:FULL, rate:0
2025-11-14 01:15:54, EXEC, v:1, k:poo@budega, mode:FULL, rate:0
2025-11-14 01:15:54, EXEC, v:1, k:poo@budega, mode:FULL, rate:0
2025-11-14 01:15:54, EXEC, v:1, k:poo@budega, mode:FULL, rate:0
2025-11-14 01:15:55, EXEC, v:1, k:poo@budega, mode:FULL, rate:0
2025-11-14 01:15:55, EXEC, v:1, k:poo@budega, mode:FULL, rate:0
2025-11-14 01:15:55, EXEC, v:1, k:poo@budega, mode:FULL, rate:0
2025-11-14 01:15:55, EXEC, v:1, k:poo@budega, mode:FULL, rate:0
2025-11-14 01:15:56, EXEC, v:1, k:poo@budega, mode:FULL, rate:0
2025-11-14 01:16:01, MOVE, v:1, k:poo@budega, mode:BACK
2025-11-14 01:16:45, MOVE, v:1, k:poo@budega, mode:PICK
2025-11-14 01:16:46, EXEC, v:1, k:poo@budega, mode:FULL, rate:0
2025-11-14 01:16:47, EXEC, v:1, k:poo@budega, mode:FULL, rate:0
2025-11-14 01:16:47, EXEC, v:1, k:poo@budega, mode:FULL, rate:0
2025-11-14 01:16:47, EXEC, v:1, k:poo@budega, mode:FULL, rate:0
2025-11-14 12:21:15, MOVE, v:1, k:poo@budega, mode:PICK
2025-11-14 12:21:17, EXEC, v:1, k:poo@budega, mode:FULL, rate:0
2025-11-14 12:21:17, EXEC, v:1, k:poo@budega, mode:FULL, rate:0
2025-11-14 12:23:01, EXEC, v:1, k:poo@budega, mode:FULL, rate:0
2025-11-14 12:25:17, EXEC, v:1, k:poo@budega, mode:FULL, rate:0
2025-11-14 12:26:00, EXEC, v:1, k:poo@budega, mode:FULL, rate:0
2025-11-14 12:26:18, EXEC, v:1, k:poo@budega, mode:FULL, rate:0
2025-11-14 12:27:25, EXEC, v:1, k:poo@budega, mode:FULL, rate:0
2025-11-14 12:28:48, EXEC, v:1, k:poo@budega, mode:FULL, rate:0
2025-11-14 12:30:07, EXEC, v:1, k:poo@budega, mode:FULL, rate:0
2025-11-14 12:31:28, EXEC, v:1, k:poo@budega, mode:FULL, rate:0
2025-11-14 12:33:21, EXEC, v:1, k:poo@budega, mode:FULL, rate:0
2025-11-14 22:59:20, MOVE, v:1, k:poo@budega, mode:PICK
2025-11-14 22:59:21, EXEC, v:1, k:poo@budega, mode:FULL, rate:0
2025-11-14 23:01:34, EXEC, v:1, k:poo@budega, mode:FULL, rate:0
2025-11-14 23:03:56, EXEC, v:1, k:poo@budega, mode:FULL, rate:0
2025-11-14 23:05:33, EXEC, v:1, k:poo@budega, mode:FULL, rate:0
2025-11-14 23:08:06, EXEC, v:1, k:poo@budega, mode:FULL, rate:0
2025-11-14 23:11:45, EXEC, v:1, k:poo@budega, mode:FULL, rate:0
2025-11-14 23:12:52, EXEC, v:1, k:poo@budega, mode:FULL, rate:0
2025-11-14 23:13:26, EXEC, v:1, k:poo@budega, mode:FULL, rate:0
2025-11-14 23:14:33, EXEC, v:1, k:poo@budega, mode:FULL, rate:0
2025-11-14 23:15:41, EXEC, v:1, k:poo@budega, mode:FULL, rate:0
2025-11-14 23:15:50, MOVE, v:1, k:poo@budega, mode:BACK
2025-11-14 23:15:59, MOVE, v:1, k:poo@budega, mode:PICK
2025-11-14 23:16:00, EXEC, v:1, k:poo@budega, mode:FULL, rate:0
2025-11-14 23:16:01, EXEC, v:1, k:poo@budega, mode:FULL, rate:0
2025-11-14 23:17:38, EXEC, v:1, k:poo@budega, mode:FULL, rate:0
2025-11-14 23:33:16, MOVE, v:1, k:poo@budega, mode:BACK
2025-11-14 23:33:52, MOVE, v:1, k:poo@lapiseira, mode:PICK
2025-11-14 23:33:54, EXEC, v:1, k:poo@lapiseira, mode:FULL, rate:0
2025-11-14 23:42:28, MOVE, v:1, k:poo@lapiseira, mode:BACK
2025-11-14 23:43:56, MOVE, v:1, k:poo@lapiseira, mode:PICK
2025-11-14 23:43:57, EXEC, v:1, k:poo@lapiseira, mode:FULL, rate:0
2025-11-14 23:53:03, EXEC, v:1, k:poo@lapiseira, mode:FULL, rate:0
2025-11-14 23:53:04, MOVE, v:1, k:poo@lapiseira, mode:BACK
2025-11-14 23:53:52, MOVE, v:1, k:poo@lapiseira, mode:PICK
2025-11-14 23:53:54, EXEC, v:1, k:poo@lapiseira, mode:FULL, rate:0
2025-11-14 23:54:30, EXEC, v:1, k:poo@lapiseira, mode:FULL, rate:0
2025-11-14 23:54:31, MOVE, v:1, k:poo@lapiseira, mode:BACK
2025-11-14 23:55:27, MOVE, v:1, k:poo@pula-pula, mode:PICK
2025-11-14 23:55:29, EXEC, v:1, k:poo@pula-pula, mode:FULL, rate:100
2025-11-14 23:55:31, MOVE, v:1, k:poo@pula-pula, mode:BACK
2025-11-14 23:55:35, MOVE, v:1, k:poo@lapiseira, mode:PICK
2025-11-14 23:55:36, EXEC, v:1, k:poo@lapiseira, mode:FULL, rate:0
2025-11-14 23:57:07, EXEC, v:1, k:poo@lapiseira, mode:FULL, rate:0
2025-11-14 23:57:10, MOVE, v:1, k:poo@lapiseira, mode:BACK
2025-11-14 23:59:52, MOVE, v:1, k:poo@lapiseira, mode:PICK
2025-11-14 23:59:52, EXEC, v:1, k:poo@lapiseira, mode:FULL, rate:0, size:30
2025-11-14 23:59:54, MOVE, v:1, k:poo@lapiseira, mode:BACK
